Using pre-set license
Built from '2021.3/staging' branch; Version is '2021.3.10f1 (1c7d0df0160b) revision 1867021'; Using compiler version '192829333'; Build Type 'Release'
OS: 'Windows 10  (10.0.19044) 64bit CoreSingleLanguage' Language: 'es' Physical Memory: 32569 MB
BatchMode: 1, IsHumanControllingUs: 0, StartBugReporterOnCrash: 0, Is64bit: 1, IsPro: 1

COMMAND LINE ARGUMENTS:
C:\Program Files\Unity\Hub\Editor\2021.3.10f1\Editor\Unity.exe
-adb2
-batchMode
-noUpm
-name
AssetImportWorker3
-projectPath
D:/harold101/ReposteriaVrACrix
-logFile
Logs/AssetImportWorker3.log
-srvPort
53592
Successfully changed project path to: D:/harold101/ReposteriaVrACrix
D:/harold101/ReposteriaVrACrix
[UnityMemory] Configuration Parameters - Can be set up in boot.config
    "memorysetup-bucket-allocator-granularity=16"
    "memorysetup-bucket-allocator-bucket-count=8"
    "memorysetup-bucket-allocator-block-size=33554432"
    "memorysetup-bucket-allocator-block-count=8"
    "memorysetup-main-allocator-block-size=16777216"
    "memorysetup-thread-allocator-block-size=16777216"
    "memorysetup-gfx-main-allocator-block-size=16777216"
    "memorysetup-gfx-thread-allocator-block-size=16777216"
    "memorysetup-cache-allocator-block-size=4194304"
    "memorysetup-typetree-allocator-block-size=2097152"
    "memorysetup-profiler-bucket-allocator-granularity=16"
    "memorysetup-profiler-bucket-allocator-bucket-count=8"
    "memorysetup-profiler-bucket-allocator-block-size=33554432"
    "memorysetup-profiler-bucket-allocator-block-count=8"
    "memorysetup-profiler-allocator-block-size=16777216"
    "memorysetup-profiler-editor-allocator-block-size=1048576"
    "memorysetup-temp-allocator-size-main=16777216"
    "memorysetup-job-temp-allocator-block-size=2097152"
    "memorysetup-job-temp-allocator-block-size-background=1048576"
    "memorysetup-job-temp-allocator-reduction-small-platforms=262144"
    "memorysetup-temp-allocator-size-background-worker=32768"
    "memorysetup-temp-allocator-size-job-worker=262144"
    "memorysetup-temp-allocator-size-preload-manager=33554432"
    "memorysetup-temp-allocator-size-nav-mesh-worker=65536"
    "memorysetup-temp-allocator-size-audio-worker=65536"
    "memorysetup-temp-allocator-size-cloud-worker=32768"
    "memorysetup-temp-allocator-size-gi-baking-worker=262144"
    "memorysetup-temp-allocator-size-gfx=262144"
Refreshing native plugins compatible for Editor in 98.69 ms, found 11 plugins.
Preloading 1 native plugins for Editor in 0.82 ms.
Initialize engine version: 2021.3.10f1 (1c7d0df0160b)
[Subsystems] Discovering subsystems at path C:/Program Files/Unity/Hub/Editor/2021.3.10f1/Editor/Data/Resources/UnitySubsystems
[Subsystems] Discovering subsystems at path D:/harold101/ReposteriaVrACrix/Assets
GfxDevice: creating device client; threaded=0; jobified=0
Direct3D:
    Version:  Direct3D 11.0 [level 11.1]
    Renderer: NVIDIA GeForce RTX 2080 SUPER (ID=0x1e81)
    Vendor:   NVIDIA
    VRAM:     8001 MB
    Driver:   31.0.15.2698
Initialize mono
Mono path[0] = 'C:/Program Files/Unity/Hub/Editor/2021.3.10f1/Editor/Data/Managed'
Mono path[1] = 'C:/Program Files/Unity/Hub/Editor/2021.3.10f1/Editor/Data/MonoBleedingEdge/lib/mono/unityjit-win32'
Mono config path = 'C:/Program Files/Unity/Hub/Editor/2021.3.10f1/Editor/Data/MonoBleedingEdge/etc'
Using monoOptions --debugger-agent=transport=dt_socket,embedding=1,server=y,suspend=n,address=127.0.0.1:56408
Begin MonoManager ReloadAssembly
Registering precompiled unity dll's ...
Register platform support module: C:/Program Files/Unity/Hub/Editor/2021.3.10f1/Editor/Data/PlaybackEngines/WebGLSupport/UnityEditor.WebGL.Extensions.dll
Register platform support module: C:/Program Files/Unity/Hub/Editor/2021.3.10f1/Editor/Data/PlaybackEngines/AndroidPlayer/UnityEditor.Android.Extensions.dll
Register platform support module: C:/Program Files/Unity/Hub/Editor/2021.3.10f1/Editor/Data/PlaybackEngines/iOSSupport/UnityEditor.iOS.Extensions.dll
Register platform support module: C:/Program Files/Unity/Hub/Editor/2021.3.10f1/Editor/Data/PlaybackEngines/WindowsStandaloneSupport/UnityEditor.WindowsStandalone.Extensions.dll
Registered in 0.014719 seconds.
Native extension for WindowsStandalone target not found
Native extension for iOS target not found
Native extension for Android target not found
Native extension for WebGL target not found
Refreshing native plugins compatible for Editor in 84.52 ms, found 11 plugins.
Preloading 1 native plugins for Editor in 0.16 ms.
Mono: successfully reloaded assembly
- Completed reload, in  0.665 seconds
Domain Reload Profiling:
	ReloadAssembly (665ms)
		BeginReloadAssembly (83ms)
			ExecutionOrderSort (0ms)
			DisableScriptedObjects (0ms)
			BackupInstance (0ms)
			ReleaseScriptingObjects (0ms)
			CreateAndSetChildDomain (1ms)
		EndReloadAssembly (459ms)
			LoadAssemblies (81ms)
			RebuildTransferFunctionScriptingTraits (0ms)
			SetupTypeCache (113ms)
			ReleaseScriptCaches (0ms)
			RebuildScriptCaches (28ms)
			SetupLoadedEditorAssemblies (261ms)
				LogAssemblyErrors (0ms)
				InitializePlatformSupportModulesInManaged (59ms)
				SetLoadedEditorAssemblies (0ms)
				RefreshPlugins (85ms)
				BeforeProcessingInitializeOnLoad (1ms)
				ProcessInitializeOnLoadAttributes (79ms)
				ProcessInitializeOnLoadMethodAttributes (36ms)
				AfterProcessingInitializeOnLoad (0ms)
				EditorAssembliesLoaded (0ms)
			ExecutionOrderSort2 (0ms)
			AwakeInstancesAfterBackupRestoration (0ms)
Platform modules already initialized, skipping
Registering precompiled user dll's ...
Registered in 0.008726 seconds.
Begin MonoManager ReloadAssembly
Native extension for WindowsStandalone target not found
Native extension for iOS target not found
Native extension for Android target not found
Native extension for WebGL target not found
Refreshing native plugins compatible for Editor in 89.93 ms, found 11 plugins.
Preloading 1 native plugins for Editor in 0.04 ms.
Package Manager log level set to [2]
System.Reflection.TargetInvocationException: Exception has been thrown by the target of an invocation. ---> System.NullReferenceException: Object reference not set to an instance of an object
  at Unity.XR.Oculus.OculusLoader.AssetPathToAbsolutePath (System.String assetPath) [0x0003d] in D:\harold101\ReposteriaVrACrix\Library\PackageCache\com.unity.xr.oculus@3.0.2\Runtime\OculusLoader.cs:271 
  at Unity.XR.Oculus.OculusLoader.EditorLoadOVRPlugin () [0x0007b] in D:\harold101\ReposteriaVrACrix\Library\PackageCache\com.unity.xr.oculus@3.0.2\Runtime\OculusLoader.cs:256 
  at (wrapper managed-to-native) System.Reflection.RuntimeMethodInfo.InternalInvoke(System.Reflection.RuntimeMethodInfo,object,object[],System.Exception&)
  at System.Reflection.RuntimeMethodInfo.Invoke (System.Object obj, System.Reflection.BindingFlags invokeAttr, System.Reflection.Binder binder, System.Object[] parameters, System.Globalization.CultureInfo culture) [0x0006a] in <9aad1b3a47484d63ba2b3985692d80e9>:0 
   --- End of inner exception stack trace ---
  at System.Reflection.RuntimeMethodInfo.Invoke (System.Object obj, System.Reflection.BindingFlags invokeAttr, System.Reflection.Binder binder, System.Object[] parameters, System.Globalization.CultureInfo culture) [0x00083] in <9aad1b3a47484d63ba2b3985692d80e9>:0 
  at System.Reflection.MethodBase.Invoke (System.Object obj, System.Object[] parameters) [0x00000] in <9aad1b3a47484d63ba2b3985692d80e9>:0 
  at UnityEditor.EditorAssemblies.ProcessInitializeOnLoadMethodAttributes () [0x000a5] in <99feab6f3db6407493924fe4a179a95b>:0 
UnityEngine.StackTraceUtility:ExtractStackTrace ()
UnityEngine.DebugLogHandler:LogFormat (UnityEngine.LogType,UnityEngine.Object,string,object[])
UnityEngine.Logger:Log (UnityEngine.LogType,object)
UnityEngine.Debug:LogError (object)
UnityEditor.EditorAssemblies:ProcessInitializeOnLoadMethodAttributes ()

Mono: successfully reloaded assembly
- Completed reload, in  1.405 seconds
Domain Reload Profiling:
	ReloadAssembly (1406ms)
		BeginReloadAssembly (204ms)
			ExecutionOrderSort (0ms)
			DisableScriptedObjects (5ms)
			BackupInstance (0ms)
			ReleaseScriptingObjects (0ms)
			CreateAndSetChildDomain (118ms)
		EndReloadAssembly (1099ms)
			LoadAssemblies (88ms)
			RebuildTransferFunctionScriptingTraits (0ms)
			SetupTypeCache (255ms)
			ReleaseScriptCaches (1ms)
			RebuildScriptCaches (50ms)
			SetupLoadedEditorAssemblies (674ms)
				LogAssemblyErrors (0ms)
				InitializePlatformSupportModulesInManaged (23ms)
				SetLoadedEditorAssemblies (0ms)
				RefreshPlugins (90ms)
				BeforeProcessingInitializeOnLoad (98ms)
				ProcessInitializeOnLoadAttributes (425ms)
				ProcessInitializeOnLoadMethodAttributes (28ms)
				AfterProcessingInitializeOnLoad (9ms)
				EditorAssembliesLoaded (0ms)
			ExecutionOrderSort2 (0ms)
			AwakeInstancesAfterBackupRestoration (4ms)
Platform modules already initialized, skipping
========================================================================
Worker process is ready to serve import requests
Launched and connected shader compiler UnityShaderCompiler.exe after 0.03 seconds
Refreshing native plugins compatible for Editor in 0.86 ms, found 11 plugins.
Preloading 1 native plugins for Editor in 0.05 ms.
Unloading 4323 Unused Serialized files (Serialized files now loaded: 0)
Unloading 50 unused Assets / (114.4 KB). Loaded Objects now: 4768.
Memory consumption went from 154.1 MB to 153.9 MB.
Total: 4.009100 ms (FindLiveObjects: 0.372400 ms CreateObjectMapping: 0.329800 ms MarkObjects: 3.168100 ms  DeleteObjects: 0.137400 ms)

AssetImportParameters requested are different than current active one (requested -> active):
  custom:video-decoder-ogg-theora: a1e56fd34408186e4bbccfd4996cb3dc -> 
  custom:container-muxer-webm: aa71ff27fc2769a1b78a27578f13a17b -> 
  custom:container-demuxer-webm: 4f35f7cbe854078d1ac9338744f61a02 -> 
  custom:video-encoder-webm-vp8: eb34c28f22e8b96e1ab97ce403110664 -> 
  custom:video-codec-MediaFoundation-h265: 746d11721c4dcdbdad8f713fa42b33f4 -> 
  custom:audio-encoder-webm-vorbis: bf7c407c2cedff20999df2af8eb42d56 -> 
  custom:framework-win-MediaFoundation: 216162199b28c13a410421893ffa2e32 -> 
  custom:container-demuxer-ogg: 62fdf1f143b41e24485cea50d1cbac27 -> 
  custom:video-decoder-webm-vp8: 9c59270c3fd7afecdb556c50c9e8de78 -> 
  custom:audio-decoder-ogg-vorbis: bf7c407c2cedff20999df2af8eb42d56 -> 
========================================================================
Received Import Request.
  Time since last request: 7096.012204 seconds.
  path: Assets/Kitchen/Package04_Free_Kitchen/FreeKitchen/Prefabs/Version01/FreeBowl01.prefab
  artifactKey: Guid(bdc2838c2d06e45218b13be8488e80f8) Importer(815301076,1909f56bfc062723c751e8b465ee728b)
Start importing Assets/Kitchen/Package04_Free_Kitchen/FreeKitchen/Prefabs/Version01/FreeBowl01.prefab using Guid(bdc2838c2d06e45218b13be8488e80f8) Importer(815301076,1909f56bfc062723c751e8b465ee728b)  -> (artifact id: 'f7baa4485aa7e1439eb3444e5863aec7') in 0.136662 seconds 
========================================================================
Received Import Request.
  Time since last request: 0.000021 seconds.
  path: Assets/Kitchen/Package04_Free_Kitchen/FreeKitchen/Prefabs/Version01/FreeVase.prefab
  artifactKey: Guid(1a268c42ad172427aa2e5a58b4a872a2) Importer(815301076,1909f56bfc062723c751e8b465ee728b)
Start importing Assets/Kitchen/Package04_Free_Kitchen/FreeKitchen/Prefabs/Version01/FreeVase.prefab using Guid(1a268c42ad172427aa2e5a58b4a872a2) Importer(815301076,1909f56bfc062723c751e8b465ee728b)  -> (artifact id: '14ad711c728e805ae95d574ee0ae663b') in 0.035558 seconds 
========================================================================
Received Import Request.
  Time since last request: 0.000029 seconds.
  path: Assets/Kitchen/Package04_Free_Kitchen/FreeKitchen/Prefabs/Version01/ShelfWithEquipment02.prefab
  artifactKey: Guid(7df9f3f2c0d604965971dc955ee37030) Importer(815301076,1909f56bfc062723c751e8b465ee728b)
Start importing Assets/Kitchen/Package04_Free_Kitchen/FreeKitchen/Prefabs/Version01/ShelfWithEquipment02.prefab using Guid(7df9f3f2c0d604965971dc955ee37030) Importer(815301076,1909f56bfc062723c751e8b465ee728b)  -> (artifact id: '95d7940388c54277d71e58f7671ac65b') in 0.044905 seconds 
========================================================================
Received Import Request.
  Time since last request: 0.000023 seconds.
  path: Assets/Kitchen/Package04_Free_Kitchen/FreeKitchen/Prefabs/Version01/FreeSpatula02.prefab
  artifactKey: Guid(81d4cf981e0fc45f98d536078b705c26) Importer(815301076,1909f56bfc062723c751e8b465ee728b)
Start importing Assets/Kitchen/Package04_Free_Kitchen/FreeKitchen/Prefabs/Version01/FreeSpatula02.prefab using Guid(81d4cf981e0fc45f98d536078b705c26) Importer(815301076,1909f56bfc062723c751e8b465ee728b)  -> (artifact id: 'a3f7fdb707c1dcaeebef35c53dd42917') in 0.028380 seconds 
========================================================================
Received Import Request.
  Time since last request: 0.000016 seconds.
  path: Assets/Kitchen/Package04_Free_Kitchen/FreeKitchen/Prefabs/Version01/FreeShelf.prefab
  artifactKey: Guid(33fd211ddac51448d901fd95f0fa1b10) Importer(815301076,1909f56bfc062723c751e8b465ee728b)
Start importing Assets/Kitchen/Package04_Free_Kitchen/FreeKitchen/Prefabs/Version01/FreeShelf.prefab using Guid(33fd211ddac51448d901fd95f0fa1b10) Importer(815301076,1909f56bfc062723c751e8b465ee728b)  -> (artifact id: '84200e59ac905ef45dfcaec7fb3bb90f') in 0.026756 seconds 
========================================================================
Received Import Request.
  Time since last request: 0.000017 seconds.
  path: Assets/Kitchen/Package04_Free_Kitchen/FreeKitchen/Prefabs/Version01/FreeCup02.prefab
  artifactKey: Guid(c58436ee2750b4eb6b809a7790aa8124) Importer(815301076,1909f56bfc062723c751e8b465ee728b)
Start importing Assets/Kitchen/Package04_Free_Kitchen/FreeKitchen/Prefabs/Version01/FreeCup02.prefab using Guid(c58436ee2750b4eb6b809a7790aa8124) Importer(815301076,1909f56bfc062723c751e8b465ee728b)  -> (artifact id: '97cc65fd3ae1cdbc068c85a1a0315b9a') in 0.023844 seconds 
========================================================================
Received Import Request.
  Time since last request: 0.000018 seconds.
  path: Assets/Kitchen/Package04_Free_Kitchen/FreeKitchen/Prefabs/Version01/FreeRefrigerator.prefab
  artifactKey: Guid(c726bfcdf3ad842acb677a25d9f13872) Importer(815301076,1909f56bfc062723c751e8b465ee728b)
Start importing Assets/Kitchen/Package04_Free_Kitchen/FreeKitchen/Prefabs/Version01/FreeRefrigerator.prefab using Guid(c726bfcdf3ad842acb677a25d9f13872) Importer(815301076,1909f56bfc062723c751e8b465ee728b)  -> (artifact id: '13f152ad9b1660cf194bc0ac26c6dfd0') in 0.027947 seconds 
========================================================================
Received Import Request.
  Time since last request: 0.000016 seconds.
  path: Assets/Kitchen/Package04_Free_Kitchen/FreeKitchen/Prefabs/Version01/FreeRoom_Version01.prefab
  artifactKey: Guid(de13c850f8a7c456c873573c794b96af) Importer(815301076,1909f56bfc062723c751e8b465ee728b)
Start importing Assets/Kitchen/Package04_Free_Kitchen/FreeKitchen/Prefabs/Version01/FreeRoom_Version01.prefab using Guid(de13c850f8a7c456c873573c794b96af) Importer(815301076,1909f56bfc062723c751e8b465ee728b)  -> (artifact id: 'f0ef5f047b44fdbc56c6ddf1372e90fb') in 0.153307 seconds 
========================================================================
Received Import Request.
  Time since last request: 4.121506 seconds.
  path: Assets/Kitchen/Package04_Free_Kitchen/FreeKitchen/Prefabs/Version03/FreeBowl01.prefab
  artifactKey: Guid(af2b0398b8d9140eb98924b1b6772b81) Importer(815301076,1909f56bfc062723c751e8b465ee728b)
Start importing Assets/Kitchen/Package04_Free_Kitchen/FreeKitchen/Prefabs/Version03/FreeBowl01.prefab using Guid(af2b0398b8d9140eb98924b1b6772b81) Importer(815301076,1909f56bfc062723c751e8b465ee728b)  -> (artifact id: 'daf4496416de5148d7763a2886d29ad7') in 0.032505 seconds 
========================================================================
Received Import Request.
  Time since last request: 0.000024 seconds.
  path: Assets/Kitchen/Package04_Free_Kitchen/FreeKitchen/Prefabs/Version03/FreeExtractorHood.prefab
  artifactKey: Guid(b5e6f6df147d44b2f8ceb51de1247009) Importer(815301076,1909f56bfc062723c751e8b465ee728b)
Start importing Assets/Kitchen/Package04_Free_Kitchen/FreeKitchen/Prefabs/Version03/FreeExtractorHood.prefab using Guid(b5e6f6df147d44b2f8ceb51de1247009) Importer(815301076,1909f56bfc062723c751e8b465ee728b)  -> (artifact id: '1baf162f25650e1960e802dacf0ce78e') in 0.027289 seconds 
========================================================================
Received Import Request.
  Time since last request: 0.000019 seconds.
  path: Assets/Kitchen/Package04_Free_Kitchen/FreeKitchen/Prefabs/Version03/FreeBowl02.prefab
  artifactKey: Guid(e846334a742a443e3bea8b7fb0ad986e) Importer(815301076,1909f56bfc062723c751e8b465ee728b)
Start importing Assets/Kitchen/Package04_Free_Kitchen/FreeKitchen/Prefabs/Version03/FreeBowl02.prefab using Guid(e846334a742a443e3bea8b7fb0ad986e) Importer(815301076,1909f56bfc062723c751e8b465ee728b)  -> (artifact id: '0d0947739e8dc0bc29348198a4752d9e') in 0.027370 seconds 
========================================================================
Received Import Request.
  Time since last request: 0.000023 seconds.
  path: Assets/Kitchen/Package04_Free_Kitchen/FreeKitchen/Prefabs/Version03/FreeToaster.prefab
  artifactKey: Guid(3f7cb05e79d764c31b1eb68f91ab639e) Importer(815301076,1909f56bfc062723c751e8b465ee728b)
Start importing Assets/Kitchen/Package04_Free_Kitchen/FreeKitchen/Prefabs/Version03/FreeToaster.prefab using Guid(3f7cb05e79d764c31b1eb68f91ab639e) Importer(815301076,1909f56bfc062723c751e8b465ee728b)  -> (artifact id: '1fa96e3bb862f95e9d6fa6498d380219') in 0.028852 seconds 
========================================================================
Received Import Request.
  Time since last request: 0.000028 seconds.
  path: Assets/Kitchen/Package04_Free_Kitchen/FreeKitchen/Prefabs/Version03/FreeCabinet02.prefab
  artifactKey: Guid(1cf3fa848684a40c89252e5dfeb46937) Importer(815301076,1909f56bfc062723c751e8b465ee728b)
Start importing Assets/Kitchen/Package04_Free_Kitchen/FreeKitchen/Prefabs/Version03/FreeCabinet02.prefab using Guid(1cf3fa848684a40c89252e5dfeb46937) Importer(815301076,1909f56bfc062723c751e8b465ee728b)  -> (artifact id: 'bf1c49d7e693dbca9f6d33e7b6f64bcc') in 0.028988 seconds 
========================================================================
Received Import Request.
  Time since last request: 0.000014 seconds.
  path: Assets/Kitchen/Package04_Free_Kitchen/FreeKitchen/Prefabs/Version03/FreeCabinet02_DrawerSmall.prefab
  artifactKey: Guid(5d260932f991f4f21b954ee93ac7aa03) Importer(815301076,1909f56bfc062723c751e8b465ee728b)
Start importing Assets/Kitchen/Package04_Free_Kitchen/FreeKitchen/Prefabs/Version03/FreeCabinet02_DrawerSmall.prefab using Guid(5d260932f991f4f21b954ee93ac7aa03) Importer(815301076,1909f56bfc062723c751e8b465ee728b)  -> (artifact id: '57f4207fe7f977dc9d8ad9e56c3d4844') in 0.029452 seconds 
========================================================================
Received Import Request.
  Time since last request: 0.000018 seconds.
  path: Assets/Kitchen/Package04_Free_Kitchen/FreeKitchen/Prefabs/Version03/FreeSpatula01.prefab
  artifactKey: Guid(b8afc32a2901449a09ae927ea48e6f6c) Importer(815301076,1909f56bfc062723c751e8b465ee728b)
Start importing Assets/Kitchen/Package04_Free_Kitchen/FreeKitchen/Prefabs/Version03/FreeSpatula01.prefab using Guid(b8afc32a2901449a09ae927ea48e6f6c) Importer(815301076,1909f56bfc062723c751e8b465ee728b)  -> (artifact id: '8602d1ee53ca77c7214a5db732ed12c2') in 0.027539 seconds 
========================================================================
Received Import Request.
  Time since last request: 0.000023 seconds.
  path: Assets/Kitchen/Package04_Free_Kitchen/FreeKitchen/Prefabs/Version03/FreeShelf.prefab
  artifactKey: Guid(3c53d06be5fe04d0daa38ac01bb2ae2f) Importer(815301076,1909f56bfc062723c751e8b465ee728b)
Start importing Assets/Kitchen/Package04_Free_Kitchen/FreeKitchen/Prefabs/Version03/FreeShelf.prefab using Guid(3c53d06be5fe04d0daa38ac01bb2ae2f) Importer(815301076,1909f56bfc062723c751e8b465ee728b)  -> (artifact id: 'f70ce3ffa1b462ff6d160efd1ab29645') in 0.026676 seconds 
========================================================================
Received Import Request.
  Time since last request: 0.000023 seconds.
  path: Assets/Kitchen/Package04_Free_Kitchen/FreeKitchen/Prefabs/Version03/FreeLamp.prefab
  artifactKey: Guid(8f3b97f8b27c44ca590e09b3db3fad23) Importer(815301076,1909f56bfc062723c751e8b465ee728b)
Start importing Assets/Kitchen/Package04_Free_Kitchen/FreeKitchen/Prefabs/Version03/FreeLamp.prefab using Guid(8f3b97f8b27c44ca590e09b3db3fad23) Importer(815301076,1909f56bfc062723c751e8b465ee728b)  -> (artifact id: 'c97636dd0a76d30a2fbc3408469a1338') in 0.026414 seconds 
========================================================================
Received Import Request.
  Time since last request: 0.000025 seconds.
  path: Assets/Kitchen/Package04_Free_Kitchen/FreeKitchen/Prefabs/Version03/FreeCabinet01_DoorRight.prefab
  artifactKey: Guid(fb99711c181754fd9b52ac203b135dd9) Importer(815301076,1909f56bfc062723c751e8b465ee728b)
Start importing Assets/Kitchen/Package04_Free_Kitchen/FreeKitchen/Prefabs/Version03/FreeCabinet01_DoorRight.prefab using Guid(fb99711c181754fd9b52ac203b135dd9) Importer(815301076,1909f56bfc062723c751e8b465ee728b)  -> (artifact id: 'a788ab5f70f4acfcd0ab923547b18778') in 0.024761 seconds 
========================================================================
Received Import Request.
  Time since last request: 0.000024 seconds.
  path: Assets/Kitchen/Package04_Free_Kitchen/FreeKitchen/Prefabs/Version03/FreePlate.prefab
  artifactKey: Guid(177c52344eee54631af8ac52503d1ea3) Importer(815301076,1909f56bfc062723c751e8b465ee728b)
Start importing Assets/Kitchen/Package04_Free_Kitchen/FreeKitchen/Prefabs/Version03/FreePlate.prefab using Guid(177c52344eee54631af8ac52503d1ea3) Importer(815301076,1909f56bfc062723c751e8b465ee728b)  -> (artifact id: '3c65d749b1f9fa6cf551c578e67be684') in 0.026514 seconds 
Editor requested this worker to shutdown with reason: Scaling down because of idle timeout
AssetImportWorker is now disconnected from the server
Process exiting
Exiting without the bug reporter. Application will terminate with return code 0